0 info it worked if it ends with ok
1 verbose cli [ '/usr/local/bin/node',
1 verbose cli   '/usr/local/bin/npm',
1 verbose cli   'install',
1 verbose cli   'react-material-icons' ]
2 info using npm@2.14.4
3 info using node@v4.1.1
4 verbose install initial load of /Users/Amy/Desktop/autocomplete/package.json
5 warn package.json amy@1.0.0 No description
6 warn package.json amy@1.0.0 No README data
7 verbose installManyTop reading scoped package data from /Users/Amy/Desktop/autocomplete/node_modules/babel-cli/package.json
8 verbose installManyTop reading scoped package data from /Users/Amy/Desktop/autocomplete/node_modules/babel-core/package.json
9 verbose installManyTop reading scoped package data from /Users/Amy/Desktop/autocomplete/node_modules/babel-loader/package.json
10 verbose installManyTop reading scoped package data from /Users/Amy/Desktop/autocomplete/node_modules/babel-preset-es2015/package.json
11 verbose installManyTop reading scoped package data from /Users/Amy/Desktop/autocomplete/node_modules/babel-preset-react/package.json
12 verbose installManyTop reading scoped package data from /Users/Amy/Desktop/autocomplete/node_modules/material-ui/package.json
13 verbose installManyTop reading scoped package data from /Users/Amy/Desktop/autocomplete/node_modules/node/package.json
14 verbose installManyTop reading scoped package data from /Users/Amy/Desktop/autocomplete/node_modules/react/package.json
15 verbose installManyTop reading scoped package data from /Users/Amy/Desktop/autocomplete/node_modules/react-dom/package.json
16 verbose installManyTop reading scoped package data from /Users/Amy/Desktop/autocomplete/node_modules/react-tap-event-plugin/package.json
17 verbose installManyTop reading scoped package data from /Users/Amy/Desktop/autocomplete/node_modules/rsvp/package.json
18 verbose installManyTop reading scoped package data from /Users/Amy/Desktop/autocomplete/node_modules/webpack/package.json
19 verbose installManyTop reading scoped package data from /Users/Amy/Desktop/autocomplete/node_modules/webpack-dev-server/package.json
20 info package.json node@0.0.0 No description
21 info package.json node@0.0.0 No repository field.
22 info package.json node@0.0.0 No license field.
23 info package.json react-tap-event-plugin@0.2.2 No license field.
24 verbose readDependencies loading dependencies from /Users/Amy/Desktop/autocomplete/package.json
25 silly cache add args [ 'react-material-icons', null ]
26 verbose cache add spec react-material-icons
27 silly cache add parsed spec Result {
27 silly cache add   raw: 'react-material-icons',
27 silly cache add   scope: null,
27 silly cache add   name: 'react-material-icons',
27 silly cache add   rawSpec: '',
27 silly cache add   spec: '*',
27 silly cache add   type: 'range' }
28 silly addNamed react-material-icons@*
29 verbose addNamed "*" is a valid semver range for react-material-icons
30 silly addNameRange { name: 'react-material-icons', range: '*', hasData: false }
31 silly mapToRegistry name react-material-icons
32 silly mapToRegistry using default registry
33 silly mapToRegistry registry https://registry.npmjs.org/
34 silly mapToRegistry uri https://registry.npmjs.org/react-material-icons
35 verbose addNameRange registry:https://registry.npmjs.org/react-material-icons not in flight; fetching
36 verbose request uri https://registry.npmjs.org/react-material-icons
37 verbose request no auth needed
38 info attempt registry request try #1 at 10:59:37 AM
39 verbose request id 629aaae460c2bc3c
40 http request GET https://registry.npmjs.org/react-material-icons
41 http 200 https://registry.npmjs.org/react-material-icons
42 silly get cb [ 200,
42 silly get   { server: 'CouchDB/1.5.0 (Erlang OTP/R16B03)',
42 silly get     etag: '"BUF6K3IWHJU335J7EX4PQGWTM"',
42 silly get     'content-type': 'application/json',
42 silly get     'content-encoding': 'gzip',
42 silly get     'cache-control': 'max-age=300',
42 silly get     'content-length': '1116',
42 silly get     'accept-ranges': 'bytes',
42 silly get     date: 'Sun, 10 Apr 2016 17:59:36 GMT',
42 silly get     via: '1.1 varnish',
42 silly get     age: '0',
42 silly get     connection: 'keep-alive',
42 silly get     'x-served-by': 'cache-lax1430-LAX',
42 silly get     'x-cache': 'MISS',
42 silly get     'x-cache-hits': '0',
42 silly get     'x-timer': 'S1460311176.212835,VS0,VE44',
42 silly get     vary: 'Accept-Encoding' } ]
43 verbose get saving react-material-icons to /Users/Amy/.npm/registry.npmjs.org/react-material-icons/.cache.json
44 silly addNameRange number 2 { name: 'react-material-icons', range: '*', hasData: true }
45 silly addNameRange versions [ 'react-material-icons', [ '1.0.0', '1.0.1' ] ]
46 silly addNamed react-material-icons@1.0.1
47 verbose addNamed "1.0.1" is a plain semver version for react-material-icons
48 silly mapToRegistry name react-material-icons
49 silly mapToRegistry using default registry
50 silly mapToRegistry registry https://registry.npmjs.org/
51 silly mapToRegistry uri https://registry.npmjs.org/react-material-icons
52 verbose addRemoteTarball https://registry.npmjs.org/react-material-icons/-/react-material-icons-1.0.1.tgz not in flight; adding
53 verbose addRemoteTarball [ 'https://registry.npmjs.org/react-material-icons/-/react-material-icons-1.0.1.tgz',
53 verbose addRemoteTarball   '84380df964542a348a6755440473f6c25c48f4ad' ]
54 info retry fetch attempt 1 at 10:59:37 AM
55 info attempt registry request try #1 at 10:59:37 AM
56 http fetch GET https://registry.npmjs.org/react-material-icons/-/react-material-icons-1.0.1.tgz
57 http fetch 200 https://registry.npmjs.org/react-material-icons/-/react-material-icons-1.0.1.tgz
58 silly fetchAndShaCheck shasum 84380df964542a348a6755440473f6c25c48f4ad
59 verbose addTmpTarball /var/folders/dq/v4hv00ld0pz530h90sdzft640000gn/T/npm-3750-3137b43d/registry.npmjs.org/react-material-icons/-/react-material-icons-1.0.1.tgz not in flight; adding
60 verbose addTmpTarball already have metadata; skipping unpack for react-material-icons@1.0.1
61 silly cache afterAdd react-material-icons@1.0.1
62 verbose afterAdd /Users/Amy/.npm/react-material-icons/1.0.1/package/package.json not in flight; writing
63 verbose afterAdd /Users/Amy/.npm/react-material-icons/1.0.1/package/package.json written
64 silly install resolved [ { name: 'react-material-icons',
64 silly install resolved     version: '1.0.1',
64 silly install resolved     description: 'Material design icons as [material-ui](https://github.com/callemall/material-ui) SvgIcon component. Icon components build with iconbuilder tool from material-ui.',
64 silly install resolved     main: '',
64 silly install resolved     scripts: { test: 'echo "Error: no test specified" && exit 1' },
64 silly install resolved     repository:
64 silly install resolved      { type: 'git',
64 silly install resolved        url: 'git+https://github.com/mikamaunula/react-material-icons.git' },
64 silly install resolved     keywords:
64 silly install resolved      [ 'react',
64 silly install resolved        'react-component',
64 silly install resolved        'material design',
64 silly install resolved        'icons',
64 silly install resolved        'material-ui' ],
64 silly install resolved     author: { name: 'mikamaunula' },
64 silly install resolved     license: 'MIT',
64 silly install resolved     homepage: 'https://github.com/mikamaunula/react-material-icons#readme',
64 silly install resolved     peerDependencies: { 'material-ui': '>=0.9.2', react: '>=0.13.3' },
64 silly install resolved     gitHead: '1552df7ccbed501875734f863a61b9b1c1256658',
64 silly install resolved     bugs: { url: 'https://github.com/mikamaunula/react-material-icons/issues' },
64 silly install resolved     _id: 'react-material-icons@1.0.1',
64 silly install resolved     _shasum: '84380df964542a348a6755440473f6c25c48f4ad',
64 silly install resolved     _from: 'react-material-icons@*',
64 silly install resolved     _npmVersion: '2.13.2',
64 silly install resolved     _nodeVersion: '0.12.7',
64 silly install resolved     _npmUser: { name: 'mikamaunula', email: 'mika.maunula@livion.fi' },
64 silly install resolved     dist:
64 silly install resolved      { shasum: '84380df964542a348a6755440473f6c25c48f4ad',
64 silly install resolved        tarball: 'https://registry.npmjs.org/react-material-icons/-/react-material-icons-1.0.1.tgz' },
64 silly install resolved     maintainers: [ [Object] ],
64 silly install resolved     directories: {},
64 silly install resolved     _resolved: 'https://registry.npmjs.org/react-material-icons/-/react-material-icons-1.0.1.tgz' } ]
65 info install react-material-icons@1.0.1 into /Users/Amy/Desktop/autocomplete
66 info installOne react-material-icons@1.0.1
67 verbose installOne of react-material-icons to /Users/Amy/Desktop/autocomplete not in flight; installing
68 verbose lock using /Users/Amy/.npm/_locks/react-material-icons-1eba16539db7d020.lock for /Users/Amy/Desktop/autocomplete/node_modules/react-material-icons
69 silly install write writing react-material-icons 1.0.1 to /Users/Amy/Desktop/autocomplete/node_modules/react-material-icons
70 verbose unbuild node_modules/react-material-icons
71 silly gentlyRm /Users/Amy/Desktop/autocomplete/node_modules/react-material-icons is being purged from base /Users/Amy/Desktop/autocomplete
72 verbose gentlyRm don't care about contents; nuking /Users/Amy/Desktop/autocomplete/node_modules/react-material-icons
73 verbose tar unpack /Users/Amy/.npm/react-material-icons/1.0.1/package.tgz
74 verbose tar unpacking to /Users/Amy/Desktop/autocomplete/node_modules/react-material-icons
75 silly gentlyRm /Users/Amy/Desktop/autocomplete/node_modules/react-material-icons is being purged
76 verbose gentlyRm don't care about contents; nuking /Users/Amy/Desktop/autocomplete/node_modules/react-material-icons
77 silly gunzTarPerm modes [ '755', '644' ]
78 silly gunzTarPerm extractEntry package.json
79 silly gunzTarPerm extractEntry README.md
80 silly gunzTarPerm extractEntry LICENSE
81 silly gunzTarPerm extractEntry icons/file/attachment.js
82 silly gunzTarPerm extractEntry icons/file/cloud-download.js
83 silly gunzTarPerm extractEntry icons/file/cloud-off.js
84 silly gunzTarPerm extractEntry icons/file/cloud-queue.js
85 silly gunzTarPerm extractEntry icons/file/cloud-done.js
86 silly gunzTarPerm extractEntry icons/file/cloud.js
87 silly gunzTarPerm extractEntry icons/file/file-download.js
88 silly gunzTarPerm extractEntry icons/file/file-upload.js
89 silly gunzTarPerm extractEntry icons/file/folder-open.js
90 silly gunzTarPerm extractEntry icons/file/folder-shared.js
91 silly gunzTarPerm extractEntry icons/file/cloud-circle.js
92 silly gunzTarPerm extractEntry icons/file/folder.js
93 silly gunzTarPerm extractEntry icons/file/cloud-upload.js
94 silly gunzTarPerm extractEntry icons/action/accessibility.js
95 silly gunzTarPerm extractEntry icons/action/offline-pin.js
96 silly gunzTarPerm extractEntry icons/action/open-in-browser.js
97 silly gunzTarPerm extractEntry icons/action/open-in-new.js
98 silly gunzTarPerm extractEntry icons/action/note-add.js
99 silly gunzTarPerm extractEntry icons/action/pageview.js
100 silly gunzTarPerm extractEntry icons/action/payment.js
101 silly gunzTarPerm extractEntry icons/action/perm-camera-mic.js
102 silly gunzTarPerm extractEntry icons/action/perm-contact-calendar.js
103 silly gunzTarPerm extractEntry icons/action/perm-data-setting.js
104 silly gunzTarPerm extractEntry icons/action/markunread-mailbox.js
105 silly gunzTarPerm extractEntry icons/action/perm-device-information.js
106 silly gunzTarPerm extractEntry icons/action/loyalty.js
107 silly gunzTarPerm extractEntry icons/action/perm-identity.js
108 silly gunzTarPerm extractEntry icons/action/lock.js
109 silly gunzTarPerm extractEntry icons/action/perm-media.js
110 silly gunzTarPerm extractEntry icons/action/lock-outline.js
111 silly gunzTarPerm extractEntry icons/action/perm-phone-msg.js
112 silly gunzTarPerm extractEntry icons/action/lock-open.js
113 silly gunzTarPerm extractEntry icons/action/perm-scan-wifi.js
114 silly gunzTarPerm extractEntry icons/action/list.js
115 silly gunzTarPerm extractEntry icons/action/picture-in-picture.js
116 silly gunzTarPerm extractEntry icons/action/launch.js
117 silly gunzTarPerm extractEntry icons/action/play-for-work.js
118 silly gunzTarPerm extractEntry icons/action/language.js
119 silly gunzTarPerm extractEntry icons/action/polymer.js
120 silly gunzTarPerm extractEntry icons/action/label.js
121 silly gunzTarPerm extractEntry icons/action/power-settings-new.js
122 silly gunzTarPerm extractEntry icons/action/label-outline.js
123 silly gunzTarPerm extractEntry icons/action/print.js
124 silly gunzTarPerm extractEntry icons/action/invert-colors.js
125 silly gunzTarPerm extractEntry icons/action/query-builder.js
126 silly gunzTarPerm extractEntry icons/action/input.js
127 silly gunzTarPerm extractEntry icons/action/question-answer.js
128 silly gunzTarPerm extractEntry icons/action/info.js
129 silly gunzTarPerm extractEntry icons/action/receipt.js
130 silly gunzTarPerm extractEntry icons/action/info-outline.js
131 silly gunzTarPerm extractEntry icons/action/redeem.js
132 silly gunzTarPerm extractEntry icons/action/https.js
133 silly gunzTarPerm extractEntry icons/action/reorder.js
134 silly gunzTarPerm extractEntry icons/action/http.js
135 silly gunzTarPerm extractEntry icons/action/report-problem.js
136 silly gunzTarPerm extractEntry icons/action/hourglass-full.js
137 silly gunzTarPerm extractEntry icons/action/restore.js
138 silly gunzTarPerm extractEntry icons/action/hourglass-empty.js
139 silly gunzTarPerm extractEntry icons/action/room.js
140 silly gunzTarPerm extractEntry icons/action/home.js
141 silly gunzTarPerm extractEntry icons/action/schedule.js
142 silly gunzTarPerm extractEntry icons/action/history.js
143 silly gunzTarPerm extractEntry icons/action/search.js
144 silly gunzTarPerm extractEntry icons/action/highlight-off.js
145 silly gunzTarPerm extractEntry icons/action/settings-applications.js
146 silly gunzTarPerm extractEntry icons/action/help.js
147 silly gunzTarPerm extractEntry icons/action/settings-backup-restore.js
148 silly gunzTarPerm extractEntry icons/action/help-outline.js
149 silly gunzTarPerm extractEntry icons/action/settings-bluetooth.js
150 silly gunzTarPerm extractEntry icons/action/group-work.js
151 silly gunzTarPerm extractEntry icons/action/settings-brightness.js
152 silly gunzTarPerm extractEntry icons/action/grade.js
153 silly gunzTarPerm extractEntry icons/action/settings-cell.js
154 silly gunzTarPerm extractEntry icons/action/gif.js
155 silly gunzTarPerm extractEntry icons/action/settings-ethernet.js
156 silly gunzTarPerm extractEntry icons/action/get-app.js
157 silly gunzTarPerm extractEntry icons/action/settings-input-antenna.js
158 silly gunzTarPerm extractEntry icons/action/flip-to-front.js
159 silly gunzTarPerm extractEntry icons/action/settings-input-component.js
160 silly gunzTarPerm extractEntry icons/action/flip-to-back.js
161 silly gunzTarPerm extractEntry icons/action/settings-input-composite.js
162 silly gunzTarPerm extractEntry icons/action/flight-takeoff.js
163 silly gunzTarPerm extractEntry icons/action/settings-input-hdmi.js
164 silly gunzTarPerm extractEntry icons/action/flight-land.js
165 silly gunzTarPerm extractEntry icons/action/settings-input-svideo.js
166 silly gunzTarPerm extractEntry icons/action/find-replace.js
167 silly gunzTarPerm extractEntry icons/action/settings-overscan.js
168 silly gunzTarPerm extractEntry icons/action/find-in-page.js
169 silly gunzTarPerm extractEntry icons/action/settings-phone.js
170 silly gunzTarPerm extractEntry icons/action/feedback.js
171 silly gunzTarPerm extractEntry icons/action/settings-power.js
172 silly gunzTarPerm extractEntry icons/action/favorite.js
173 silly gunzTarPerm extractEntry icons/action/settings-remote.js
174 silly gunzTarPerm extractEntry icons/action/favorite-border.js
175 silly gunzTarPerm extractEntry icons/action/settings-voice.js
176 silly gunzTarPerm extractEntry icons/action/face.js
177 silly gunzTarPerm extractEntry icons/action/settings.js
178 silly gunzTarPerm extractEntry icons/action/extension.js
179 silly gunzTarPerm extractEntry icons/action/shop-two.js
180 silly gunzTarPerm extractEntry icons/action/explore.js
181 silly gunzTarPerm extractEntry icons/action/shop.js
182 silly gunzTarPerm extractEntry icons/action/exit-to-app.js
183 silly gunzTarPerm extractEntry icons/action/shopping-basket.js
184 silly gunzTarPerm extractEntry icons/action/event.js
185 silly gunzTarPerm extractEntry icons/action/shopping-cart.js
186 silly gunzTarPerm extractEntry icons/action/event-seat.js
187 silly gunzTarPerm extractEntry icons/action/speaker-notes.js
188 silly gunzTarPerm extractEntry icons/action/eject.js
189 silly gunzTarPerm extractEntry icons/action/spellcheck.js
190 silly gunzTarPerm extractEntry icons/action/done.js
191 silly gunzTarPerm extractEntry icons/action/stars.js
192 silly gunzTarPerm extractEntry icons/action/done-all.js
193 silly gunzTarPerm extractEntry icons/action/store.js
194 silly gunzTarPerm extractEntry icons/action/dns.js
195 silly gunzTarPerm extractEntry icons/action/subject.js
196 silly gunzTarPerm extractEntry icons/action/description.js
197 silly gunzTarPerm extractEntry icons/action/supervisor-account.js
198 silly gunzTarPerm extractEntry icons/action/delete.js
199 silly gunzTarPerm extractEntry icons/action/swap-horiz.js
200 silly gunzTarPerm extractEntry icons/action/dashboard.js
201 silly gunzTarPerm extractEntry icons/action/swap-vert.js
202 silly gunzTarPerm extractEntry icons/action/credit-card.js
203 silly gunzTarPerm extractEntry icons/action/swap-vertical-circle.js
204 silly gunzTarPerm extractEntry icons/action/code.js
205 silly gunzTarPerm extractEntry icons/action/system-update-alt.js
206 silly gunzTarPerm extractEntry icons/action/class.js
207 silly gunzTarPerm extractEntry icons/action/tab-unselected.js
208 silly gunzTarPerm extractEntry icons/action/chrome-reader-mode.js
209 silly gunzTarPerm extractEntry icons/action/tab.js
210 silly gunzTarPerm extractEntry icons/action/check-circle.js
211 silly gunzTarPerm extractEntry icons/action/theaters.js
212 silly gunzTarPerm extractEntry icons/action/change-history.js
213 silly gunzTarPerm extractEntry icons/action/three-d-rotation.js
214 silly gunzTarPerm extractEntry icons/action/card-travel.js
215 silly gunzTarPerm extractEntry icons/action/thumb-down.js
216 silly gunzTarPerm extractEntry icons/action/card-membership.js
217 silly gunzTarPerm extractEntry icons/action/thumb-up.js
218 silly gunzTarPerm extractEntry icons/action/card-giftcard.js
219 silly gunzTarPerm extractEntry icons/action/thumbs-up-down.js
220 silly gunzTarPerm extractEntry icons/action/camera-enhance.js
221 silly gunzTarPerm extractEntry icons/action/toc.js
222 silly gunzTarPerm extractEntry icons/action/cached.js
223 silly gunzTarPerm extractEntry icons/action/today.js
224 silly gunzTarPerm extractEntry icons/action/build.js
225 silly gunzTarPerm extractEntry icons/action/toll.js
226 silly gunzTarPerm extractEntry icons/action/bug-report.js
227 silly gunzTarPerm extractEntry icons/action/track-changes.js
228 silly gunzTarPerm extractEntry icons/action/bookmark.js
229 silly gunzTarPerm extractEntry icons/action/translate.js
230 silly gunzTarPerm extractEntry icons/action/bookmark-border.js
231 silly gunzTarPerm extractEntry icons/action/trending-down.js
232 silly gunzTarPerm extractEntry icons/action/book.js
233 silly gunzTarPerm extractEntry icons/action/trending-flat.js
234 silly gunzTarPerm extractEntry icons/action/backup.js
235 silly gunzTarPerm extractEntry icons/action/trending-up.js
236 silly gunzTarPerm extractEntry icons/action/autorenew.js
237 silly gunzTarPerm extractEntry icons/action/turned-in-not.js
238 silly gunzTarPerm extractEntry icons/action/assignment.js
239 silly gunzTarPerm extractEntry icons/action/turned-in.js
240 silly gunzTarPerm extractEntry icons/action/assignment-turned-in.js
241 silly gunzTarPerm extractEntry icons/action/verified-user.js
242 silly gunzTarPerm extractEntry icons/action/assignment-returned.js
243 silly gunzTarPerm extractEntry icons/action/view-agenda.js
244 silly gunzTarPerm extractEntry icons/action/assignment-return.js
245 silly gunzTarPerm extractEntry icons/action/view-array.js
246 silly gunzTarPerm extractEntry icons/action/assignment-late.js
247 silly gunzTarPerm extractEntry icons/action/view-carousel.js
248 silly gunzTarPerm extractEntry icons/action/assignment-ind.js
249 silly gunzTarPerm extractEntry icons/action/view-column.js
250 silly gunzTarPerm extractEntry icons/action/assessment.js
251 silly gunzTarPerm extractEntry icons/action/view-day.js
252 silly gunzTarPerm extractEntry icons/action/aspect-ratio.js
253 silly gunzTarPerm extractEntry icons/action/view-headline.js
254 silly gunzTarPerm extractEntry icons/action/announcement.js
255 silly gunzTarPerm extractEntry icons/action/view-list.js
256 silly gunzTarPerm extractEntry icons/action/android.js
257 silly gunzTarPerm extractEntry icons/action/view-module.js
258 silly gunzTarPerm extractEntry icons/action/alarm.js
259 silly gunzTarPerm extractEntry icons/action/view-quilt.js
260 silly gunzTarPerm extractEntry icons/action/alarm-on.js
261 silly gunzTarPerm extractEntry icons/action/view-stream.js
262 silly gunzTarPerm extractEntry icons/action/alarm-off.js
263 silly gunzTarPerm extractEntry icons/action/view-week.js
264 silly gunzTarPerm extractEntry icons/action/alarm-add.js
265 silly gunzTarPerm extractEntry icons/action/visibility-off.js
266 silly gunzTarPerm extractEntry icons/action/add-shopping-cart.js
267 silly gunzTarPerm extractEntry icons/action/visibility.js
268 silly gunzTarPerm extractEntry icons/action/account-circle.js
269 silly gunzTarPerm extractEntry icons/action/work.js
270 silly gunzTarPerm extractEntry icons/action/account-box.js
271 silly gunzTarPerm extractEntry icons/action/youtube-searched-for.js
272 silly gunzTarPerm extractEntry icons/action/account-balance.js
273 silly gunzTarPerm extractEntry icons/action/zoom-in.js
274 silly gunzTarPerm extractEntry icons/action/account-balance-wallet.js
275 silly gunzTarPerm extractEntry icons/action/zoom-out.js
276 silly gunzTarPerm extractEntry icons/action/open-with.js
277 silly gunzTarPerm extractEntry icons/av/airplay.js
278 silly gunzTarPerm extractEntry icons/av/pause-circle-filled.js
279 silly gunzTarPerm extractEntry icons/av/pause-circle-outline.js
280 silly gunzTarPerm extractEntry icons/av/pause.js
281 silly gunzTarPerm extractEntry icons/av/play-arrow.js
282 silly gunzTarPerm extractEntry icons/av/not-interested.js
283 silly gunzTarPerm extractEntry icons/av/play-circle-outline.js
284 silly gunzTarPerm extractEntry icons/av/playlist-add.js
285 silly gunzTarPerm extractEntry icons/av/queue-music.js
286 silly gunzTarPerm extractEntry icons/av/queue.js
287 silly gunzTarPerm extractEntry icons/av/radio.js
288 silly gunzTarPerm extractEntry icons/av/new-releases.js
289 silly gunzTarPerm extractEntry icons/av/recent-actors.js
290 silly gunzTarPerm extractEntry icons/av/movie.js
291 silly gunzTarPerm extractEntry icons/av/repeat-one.js
292 silly gunzTarPerm extractEntry icons/av/mic.js
293 silly gunzTarPerm extractEntry icons/av/repeat.js
294 silly gunzTarPerm extractEntry icons/av/mic-off.js
295 silly gunzTarPerm extractEntry icons/av/replay-10.js
296 silly gunzTarPerm extractEntry icons/av/mic-none.js
297 silly gunzTarPerm extractEntry icons/av/replay-30.js
298 silly gunzTarPerm extractEntry icons/av/loop.js
299 silly gunzTarPerm extractEntry icons/av/replay-5.js
300 silly gunzTarPerm extractEntry icons/av/library-music.js
301 silly gunzTarPerm extractEntry icons/av/replay.js
302 silly gunzTarPerm extractEntry icons/av/library-books.js
303 silly gunzTarPerm extractEntry icons/av/shuffle.js
304 silly gunzTarPerm extractEntry icons/av/library-add.js
305 silly gunzTarPerm extractEntry icons/av/skip-next.js
306 silly gunzTarPerm extractEntry icons/av/high-quality.js
307 silly gunzTarPerm extractEntry icons/av/skip-previous.js
308 silly gunzTarPerm extractEntry icons/av/hearing.js
309 silly gunzTarPerm extractEntry icons/av/snooze.js
310 silly gunzTarPerm extractEntry icons/av/hd.js
311 silly gunzTarPerm extractEntry icons/av/sort-by-alpha.js
312 silly gunzTarPerm extractEntry icons/av/games.js
313 silly gunzTarPerm extractEntry icons/av/stop.js
314 silly gunzTarPerm extractEntry icons/av/forward-5.js
315 silly gunzTarPerm extractEntry icons/av/subtitles.js
316 silly gunzTarPerm extractEntry icons/av/forward-30.js
317 silly gunzTarPerm extractEntry icons/av/surround-sound.js
318 silly gunzTarPerm extractEntry icons/av/forward-10.js
319 silly gunzTarPerm extractEntry icons/av/video-library.js
320 silly gunzTarPerm extractEntry icons/av/fast-rewind.js
321 silly gunzTarPerm extractEntry icons/av/videocam-off.js
322 silly gunzTarPerm extractEntry icons/av/fast-forward.js
323 silly gunzTarPerm extractEntry icons/av/videocam.js
324 silly gunzTarPerm extractEntry icons/av/explicit.js
325 silly gunzTarPerm extractEntry icons/av/volume-down.js
326 silly gunzTarPerm extractEntry icons/av/equalizer.js
327 silly gunzTarPerm extractEntry icons/av/volume-mute.js
328 silly gunzTarPerm extractEntry icons/av/closed-caption.js
329 silly gunzTarPerm extractEntry icons/av/volume-off.js
330 silly gunzTarPerm extractEntry icons/av/av-timer.js
331 silly gunzTarPerm extractEntry icons/av/volume-up.js
332 silly gunzTarPerm extractEntry icons/av/album.js
333 silly gunzTarPerm extractEntry icons/av/web.js
334 silly gunzTarPerm extractEntry icons/av/play-circle-filled.js
335 silly gunzTarPerm extractEntry icons/communication/business.js
336 silly gunzTarPerm extractEntry icons/communication/forum.js
337 silly gunzTarPerm extractEntry icons/communication/import-export.js
338 silly gunzTarPerm extractEntry icons/communication/invert-colors-off.js
339 silly gunzTarPerm extractEntry icons/communication/live-help.js
340 silly gunzTarPerm extractEntry icons/communication/email.js
341 silly gunzTarPerm extractEntry icons/communication/location-on.js
342 silly gunzTarPerm extractEntry icons/communication/message.js
343 silly gunzTarPerm extractEntry icons/communication/no-sim.js
344 silly gunzTarPerm extractEntry icons/communication/phone.js
345 silly gunzTarPerm extractEntry icons/communication/phonelink-erase.js
346 silly gunzTarPerm extractEntry icons/communication/dialpad.js
347 silly gunzTarPerm extractEntry icons/communication/phonelink-lock.js
348 silly gunzTarPerm extractEntry icons/communication/dialer-sip.js
349 silly gunzTarPerm extractEntry icons/communication/phonelink-ring.js
350 silly gunzTarPerm extractEntry icons/communication/contacts.js
351 silly gunzTarPerm extractEntry icons/communication/phonelink-setup.js
352 silly gunzTarPerm extractEntry icons/communication/contact-phone.js
353 silly gunzTarPerm extractEntry icons/communication/portable-wifi-off.js
354 silly gunzTarPerm extractEntry icons/communication/comment.js
355 silly gunzTarPerm extractEntry icons/communication/present-to-all.js
356 silly gunzTarPerm extractEntry icons/communication/clear-all.js
357 silly gunzTarPerm extractEntry icons/communication/ring-volume.js
358 silly gunzTarPerm extractEntry icons/communication/chat.js
359 silly gunzTarPerm extractEntry icons/communication/speaker-phone.js
360 silly gunzTarPerm extractEntry icons/communication/chat-bubble.js
361 silly gunzTarPerm extractEntry icons/communication/stay-current-landscape.js
362 silly gunzTarPerm extractEntry icons/communication/chat-bubble-outline.js
363 silly gunzTarPerm extractEntry icons/communication/stay-current-portrait.js
364 silly gunzTarPerm extractEntry icons/communication/call.js
365 silly gunzTarPerm extractEntry icons/communication/stay-primary-landscape.js
366 silly gunzTarPerm extractEntry icons/communication/call-split.js
367 silly gunzTarPerm extractEntry icons/communication/stay-primary-portrait.js
368 silly gunzTarPerm extractEntry icons/communication/call-received.js
369 silly gunzTarPerm extractEntry icons/communication/swap-calls.js
370 silly gunzTarPerm extractEntry icons/communication/call-missed.js
371 silly gunzTarPerm extractEntry icons/communication/tact-mail.js
372 silly gunzTarPerm extractEntry icons/communication/call-merge.js
373 silly gunzTarPerm extractEntry icons/communication/textsms.js
374 silly gunzTarPerm extractEntry icons/communication/call-made.js
375 silly gunzTarPerm extractEntry icons/communication/voicemail.js
376 silly gunzTarPerm extractEntry icons/communication/call-end.js
377 silly gunzTarPerm extractEntry icons/communication/vpn-key.js
378 silly gunzTarPerm extractEntry icons/communication/location-off.js
379 silly gunzTarPerm extractEntry icons/content/add-box.js
380 silly gunzTarPerm extractEntry icons/content/flag.js
381 silly gunzTarPerm extractEntry icons/content/font-download.js
382 silly gunzTarPerm extractEntry icons/content/forward.js
383 silly gunzTarPerm extractEntry icons/content/filter-list.js
384 silly gunzTarPerm extractEntry icons/content/inbox.js
385 silly gunzTarPerm extractEntry icons/content/link.js
386 silly gunzTarPerm extractEntry icons/content/mail.js
387 silly gunzTarPerm extractEntry icons/content/markunread.js
388 silly gunzTarPerm extractEntry icons/content/redo.js
389 silly gunzTarPerm extractEntry icons/content/drafts.js
390 silly gunzTarPerm extractEntry icons/content/remove-circle-outline.js
391 silly gunzTarPerm extractEntry icons/content/create.js
392 silly gunzTarPerm extractEntry icons/content/remove-circle.js
393 silly gunzTarPerm extractEntry icons/content/content-paste.js
394 silly gunzTarPerm extractEntry icons/content/remove.js
395 silly gunzTarPerm extractEntry icons/content/content-cut.js
396 silly gunzTarPerm extractEntry icons/content/reply-all.js
397 silly gunzTarPerm extractEntry icons/content/content-copy.js
398 silly gunzTarPerm extractEntry icons/content/reply.js
399 silly gunzTarPerm extractEntry icons/content/clear.js
400 silly gunzTarPerm extractEntry icons/content/report.js
401 silly gunzTarPerm extractEntry icons/content/block.js
402 silly gunzTarPerm extractEntry icons/content/save.js
403 silly gunzTarPerm extractEntry icons/content/backspace.js
404 silly gunzTarPerm extractEntry icons/content/select-all.js
405 silly gunzTarPerm extractEntry icons/content/archive.js
406 silly gunzTarPerm extractEntry icons/content/send.js
407 silly gunzTarPerm extractEntry icons/content/add.js
408 silly gunzTarPerm extractEntry icons/content/sort.js
409 silly gunzTarPerm extractEntry icons/content/add-circle.js
410 silly gunzTarPerm extractEntry icons/content/text-format.js
411 silly gunzTarPerm extractEntry icons/content/add-circle-outline.js
412 silly gunzTarPerm extractEntry icons/content/undo.js
413 silly gunzTarPerm extractEntry icons/content/gesture.js
414 silly gunzTarPerm extractEntry icons/device/access-alarm.js
415 silly gunzTarPerm extractEntry icons/device/gps-not-fixed.js
416 silly gunzTarPerm extractEntry icons/device/gps-off.js
417 silly gunzTarPerm extractEntry icons/device/graphic-eq.js
418 silly gunzTarPerm extractEntry icons/device/gps-fixed.js
419 silly gunzTarPerm extractEntry icons/device/location-searching.js
420 silly gunzTarPerm extractEntry icons/device/network-cell.js
421 silly gunzTarPerm extractEntry icons/device/network-wifi.js
422 silly gunzTarPerm extractEntry icons/device/nfc.js
423 silly gunzTarPerm extractEntry icons/device/screen-lock-landscape.js
424 silly gunzTarPerm extractEntry icons/device/dvr.js
425 silly gunzTarPerm extractEntry icons/device/screen-lock-portrait.js
426 silly gunzTarPerm extractEntry icons/device/devices.js
427 silly gunzTarPerm extractEntry icons/device/screen-lock-rotation.js
428 silly gunzTarPerm extractEntry icons/device/developer-mode.js
429 silly gunzTarPerm extractEntry icons/device/screen-rotation.js
430 silly gunzTarPerm extractEntry icons/device/data-usage.js
431 silly gunzTarPerm extractEntry icons/device/sd-storage.js
432 silly gunzTarPerm extractEntry icons/device/brightness-medium.js
433 silly gunzTarPerm extractEntry icons/device/settings-system-daydream.js
434 silly gunzTarPerm extractEntry icons/device/brightness-low.js
435 silly gunzTarPerm extractEntry icons/device/signal-cellular-0-bar.js
436 silly gunzTarPerm extractEntry icons/device/brightness-high.js
437 silly gunzTarPerm extractEntry icons/device/signal-cellular-1-bar.js
438 silly gunzTarPerm extractEntry icons/device/brightness-auto.js
439 silly gunzTarPerm extractEntry icons/device/signal-cellular-2-bar.js
440 silly gunzTarPerm extractEntry icons/device/bluetooth.js
441 silly gunzTarPerm extractEntry icons/device/signal-cellular-3-bar.js
442 silly gunzTarPerm extractEntry icons/device/bluetooth-searching.js
443 silly gunzTarPerm extractEntry icons/device/signal-cellular-4-bar.js
444 silly gunzTarPerm extractEntry icons/device/bluetooth-disabled.js
445 silly gunzTarPerm extractEntry icons/device/signal-cellular-connected-no-internet-0-bar.js
446 silly gunzTarPerm extractEntry icons/device/bluetooth-connected.js
447 silly gunzTarPerm extractEntry icons/device/signal-cellular-connected-no-internet-1-bar.js
448 silly gunzTarPerm extractEntry icons/device/battery-unknown.js
449 silly gunzTarPerm extractEntry icons/device/signal-cellular-connected-no-internet-2-bar.js
450 silly gunzTarPerm extractEntry icons/device/battery-std.js
451 silly gunzTarPerm extractEntry icons/device/signal-cellular-connected-no-internet-3-bar.js
452 silly gunzTarPerm extractEntry icons/device/battery-full.js
453 silly gunzTarPerm extractEntry icons/device/signal-cellular-connected-no-internet-4-bar.js
454 silly gunzTarPerm extractEntry icons/device/battery-charging-full.js
455 silly gunzTarPerm extractEntry icons/device/signal-cellular-no-sim.js
456 silly gunzTarPerm extractEntry icons/device/battery-charging-90.js
457 silly gunzTarPerm extractEntry icons/device/signal-cellular-null.js
458 silly gunzTarPerm extractEntry icons/device/battery-charging-80.js
459 silly gunzTarPerm extractEntry icons/device/signal-cellular-off.js
460 silly gunzTarPerm extractEntry icons/device/battery-charging-60.js
461 silly gunzTarPerm extractEntry icons/device/signal-wifi-0-bar.js
462 silly gunzTarPerm extractEntry icons/device/battery-charging-50.js
463 silly gunzTarPerm extractEntry icons/device/signal-wifi-1-bar-lock.js
464 silly gunzTarPerm extractEntry icons/device/battery-charging-30.js
465 silly gunzTarPerm extractEntry icons/device/signal-wifi-1-bar.js
466 silly gunzTarPerm extractEntry icons/device/battery-charging-20.js
467 silly gunzTarPerm extractEntry icons/device/signal-wifi-2-bar-lock.js
468 silly gunzTarPerm extractEntry icons/device/battery-alert.js
469 silly gunzTarPerm extractEntry icons/device/signal-wifi-2-bar.js
470 silly gunzTarPerm extractEntry icons/device/battery-90.js
471 silly gunzTarPerm extractEntry icons/device/signal-wifi-3-bar-lock.js
472 silly gunzTarPerm extractEntry icons/device/battery-80.js
473 silly gunzTarPerm extractEntry icons/device/signal-wifi-3-bar.js
474 silly gunzTarPerm extractEntry icons/device/battery-60.js
475 silly gunzTarPerm extractEntry icons/device/signal-wifi-4-bar-lock.js
476 silly gunzTarPerm extractEntry icons/device/battery-50.js
477 silly gunzTarPerm extractEntry icons/device/signal-wifi-4-bar.js
478 silly gunzTarPerm extractEntry icons/device/battery-30.js
479 silly gunzTarPerm extractEntry icons/device/signal-wifi-off.js
480 silly gunzTarPerm extractEntry icons/device/battery-20.js
481 silly gunzTarPerm extractEntry icons/device/storage.js
482 silly gunzTarPerm extractEntry icons/device/airplanemode-inactive.js
483 silly gunzTarPerm extractEntry icons/device/usb.js
484 silly gunzTarPerm extractEntry icons/device/airplanemode-active.js
485 silly gunzTarPerm extractEntry icons/device/wallpaper.js
486 silly gunzTarPerm extractEntry icons/device/add-alarm.js
487 silly gunzTarPerm extractEntry icons/device/widgets.js
488 silly gunzTarPerm extractEntry icons/device/access-time.js
489 silly gunzTarPerm extractEntry icons/device/wifi-lock.js
490 silly gunzTarPerm extractEntry icons/device/access-alarms.js
491 silly gunzTarPerm extractEntry icons/device/wifi-tethering.js
492 silly gunzTarPerm extractEntry icons/device/location-disabled.js
493 silly gunzTarPerm extractEntry icons/editor/attach-file.js
494 silly gunzTarPerm extractEntry icons/editor/format-indent-increase.js
495 silly gunzTarPerm extractEntry icons/editor/format-italic.js
496 silly gunzTarPerm extractEntry icons/editor/format-line-spacing.js
497 silly gunzTarPerm extractEntry icons/editor/format-indent-decrease.js
498 silly gunzTarPerm extractEntry icons/editor/format-list-numbered.js
499 silly gunzTarPerm extractEntry icons/editor/format-paint.js
500 silly gunzTarPerm extractEntry icons/editor/format-quote.js
501 silly gunzTarPerm extractEntry icons/editor/format-size.js
502 silly gunzTarPerm extractEntry icons/editor/format-strikethrough.js
503 silly gunzTarPerm extractEntry icons/editor/format-color-text.js
504 silly gunzTarPerm extractEntry icons/editor/format-textdirection-l-to-r.js
505 silly gunzTarPerm extractEntry icons/editor/format-color-reset.js
506 silly gunzTarPerm extractEntry icons/editor/format-textdirection-r-to-l.js
507 silly gunzTarPerm extractEntry icons/editor/format-color-fill.js
508 silly gunzTarPerm extractEntry icons/editor/format-underlined.js
509 silly gunzTarPerm extractEntry icons/editor/format-clear.js
510 silly gunzTarPerm extractEntry icons/editor/functions.js
511 silly gunzTarPerm extractEntry icons/editor/format-bold.js
512 silly gunzTarPerm extractEntry icons/editor/insert-chart.js
513 silly gunzTarPerm extractEntry icons/editor/format-align-right.js
514 silly gunzTarPerm extractEntry icons/editor/insert-comment.js
515 silly gunzTarPerm extractEntry icons/editor/format-align-left.js
516 silly gunzTarPerm extractEntry icons/editor/insert-drive-file.js
517 silly gunzTarPerm extractEntry icons/editor/format-align-justify.js
518 silly gunzTarPerm extractEntry icons/editor/insert-emoticon.js
519 silly gunzTarPerm extractEntry icons/editor/format-align-center.js
520 silly gunzTarPerm extractEntry icons/editor/insert-invitation.js
521 silly gunzTarPerm extractEntry icons/editor/border-vertical.js
522 silly gunzTarPerm extractEntry icons/editor/insert-link.js
523 silly gunzTarPerm extractEntry icons/editor/border-top.js
524 silly gunzTarPerm extractEntry icons/editor/insert-photo.js
525 silly gunzTarPerm extractEntry icons/editor/border-style.js
526 silly gunzTarPerm extractEntry icons/editor/merge-type.js
527 silly gunzTarPerm extractEntry icons/editor/border-right.js
528 silly gunzTarPerm extractEntry icons/editor/mode-comment.js
529 silly gunzTarPerm extractEntry icons/editor/border-outer.js
530 silly gunzTarPerm extractEntry icons/editor/mode-edit.js
531 silly gunzTarPerm extractEntry icons/editor/border-left.js
532 silly gunzTarPerm extractEntry icons/editor/money-off.js
533 silly gunzTarPerm extractEntry icons/editor/border-inner.js
534 silly gunzTarPerm extractEntry icons/editor/publish.js
535 silly gunzTarPerm extractEntry icons/editor/border-horizontal.js
536 silly gunzTarPerm extractEntry icons/editor/space-bar.js
537 silly gunzTarPerm extractEntry icons/editor/border-color.js
538 silly gunzTarPerm extractEntry icons/editor/strikethrough-s.js
539 silly gunzTarPerm extractEntry icons/editor/border-clear.js
540 silly gunzTarPerm extractEntry icons/editor/vertical-align-bottom.js
541 silly gunzTarPerm extractEntry icons/editor/border-bottom.js
542 silly gunzTarPerm extractEntry icons/editor/vertical-align-center.js
543 silly gunzTarPerm extractEntry icons/editor/border-all.js
544 silly gunzTarPerm extractEntry icons/editor/vertical-align-top.js
545 silly gunzTarPerm extractEntry icons/editor/attach-money.js
546 silly gunzTarPerm extractEntry icons/editor/wrap-text.js
547 silly gunzTarPerm extractEntry icons/editor/format-list-bulleted.js
548 silly gunzTarPerm extractEntry icons/alert/add-alert.js
549 silly gunzTarPerm extractEntry icons/alert/error-outline.js
550 silly gunzTarPerm extractEntry icons/alert/error.js
551 silly gunzTarPerm extractEntry icons/alert/warning.js
552 silly gunzTarPerm extractEntry icons/hardware/cast-connected.js
553 silly gunzTarPerm extractEntry icons/hardware/keyboard-tab.js
554 silly gunzTarPerm extractEntry icons/hardware/keyboard-voice.js
555 silly gunzTarPerm extractEntry icons/hardware/keyboard.js
556 silly gunzTarPerm extractEntry icons/hardware/laptop-chromebook.js
557 silly gunzTarPerm extractEntry icons/hardware/keyboard-return.js
558 silly gunzTarPerm extractEntry icons/hardware/laptop-windows.js
559 silly gunzTarPerm extractEntry icons/hardware/laptop.js
560 silly gunzTarPerm extractEntry icons/hardware/memory.js
561 silly gunzTarPerm extractEntry icons/hardware/mouse.js
562 silly gunzTarPerm extractEntry icons/hardware/phone-android.js
563 silly gunzTarPerm extractEntry icons/hardware/keyboard-hide.js
564 silly gunzTarPerm extractEntry icons/hardware/phone-iphone.js
565 silly gunzTarPerm extractEntry icons/hardware/keyboard-capslock.js
566 silly gunzTarPerm extractEntry icons/hardware/phonelink-off.js
567 silly gunzTarPerm extractEntry icons/hardware/keyboard-backspace.js
568 silly gunzTarPerm extractEntry icons/hardware/phonelink.js
569 silly gunzTarPerm extractEntry icons/hardware/keyboard-arrow-up.js
570 silly gunzTarPerm extractEntry icons/hardware/power-input.js
571 silly gunzTarPerm extractEntry icons/hardware/keyboard-arrow-right.js
572 silly gunzTarPerm extractEntry icons/hardware/router.js
573 silly gunzTarPerm extractEntry icons/hardware/keyboard-arrow-left.js
574 silly gunzTarPerm extractEntry icons/hardware/scanner.js
575 silly gunzTarPerm extractEntry icons/hardware/keyboard-arrow-down.js
576 silly gunzTarPerm extractEntry icons/hardware/security.js
577 silly gunzTarPerm extractEntry icons/hardware/headset.js
578 silly gunzTarPerm extractEntry icons/hardware/sim-card.js
579 silly gunzTarPerm extractEntry icons/hardware/headset-mic.js
580 silly gunzTarPerm extractEntry icons/hardware/smartphone.js
581 silly gunzTarPerm extractEntry icons/hardware/gamepad.js
582 silly gunzTarPerm extractEntry icons/hardware/speaker-group.js
583 silly gunzTarPerm extractEntry icons/hardware/dock.js
584 silly gunzTarPerm extractEntry icons/hardware/speaker.js
585 silly gunzTarPerm extractEntry icons/hardware/device-hub.js
586 silly gunzTarPerm extractEntry icons/hardware/tablet-android.js
587 silly gunzTarPerm extractEntry icons/hardware/developer-board.js
588 silly gunzTarPerm extractEntry icons/hardware/tablet-mac.js
589 silly gunzTarPerm extractEntry icons/hardware/desktop-windows.js
590 silly gunzTarPerm extractEntry icons/hardware/tablet.js
591 silly gunzTarPerm extractEntry icons/hardware/desktop-mac.js
592 silly gunzTarPerm extractEntry icons/hardware/toys.js
593 silly gunzTarPerm extractEntry icons/hardware/computer.js
594 silly gunzTarPerm extractEntry icons/hardware/tv.js
595 silly gunzTarPerm extractEntry icons/hardware/cast.js
596 silly gunzTarPerm extractEntry icons/hardware/watch.js
597 silly gunzTarPerm extractEntry icons/hardware/laptop-mac.js
598 silly gunzTarPerm extractEntry icons/image/add-to-photos.js
599 silly gunzTarPerm extractEntry icons/image/flare.js
600 silly gunzTarPerm extractEntry icons/image/flash-auto.js
601 silly gunzTarPerm extractEntry icons/image/flash-off.js
602 silly gunzTarPerm extractEntry icons/image/filter.js
603 silly gunzTarPerm extractEntry icons/image/flip.js
604 silly gunzTarPerm extractEntry icons/image/gradient.js
605 silly gunzTarPerm extractEntry icons/image/grain.js
606 silly gunzTarPerm extractEntry icons/image/grid-off.js
607 silly gunzTarPerm extractEntry icons/image/grid-on.js
608 silly gunzTarPerm extractEntry icons/image/filter-vintage.js
609 silly gunzTarPerm extractEntry icons/image/hdr-off.js
610 silly gunzTarPerm extractEntry icons/image/filter-tilt-shift.js
611 silly gunzTarPerm extractEntry icons/image/hdr-on.js
612 silly gunzTarPerm extractEntry icons/image/filter-none.js
613 silly gunzTarPerm extractEntry icons/image/hdr-strong.js
614 silly gunzTarPerm extractEntry icons/image/filter-hdr.js
615 silly gunzTarPerm extractEntry icons/image/hdr-weak.js
616 silly gunzTarPerm extractEntry icons/image/filter-frames.js
617 silly gunzTarPerm extractEntry icons/image/healing.js
618 silly gunzTarPerm extractEntry icons/image/filter-drama.js
619 silly gunzTarPerm extractEntry icons/image/image-aspect-ratio.js
620 silly gunzTarPerm extractEntry icons/image/filter-center-focus.js
621 silly gunzTarPerm extractEntry icons/image/image.js
622 silly gunzTarPerm extractEntry icons/image/filter-b-and-w.js
623 silly gunzTarPerm extractEntry icons/image/iso.js
624 silly gunzTarPerm extractEntry icons/image/filter-9.js
625 silly gunzTarPerm extractEntry icons/image/landscape.js
626 silly gunzTarPerm extractEntry icons/image/filter-9-plus.js
627 silly gunzTarPerm extractEntry icons/image/leak-add.js
628 silly gunzTarPerm extractEntry icons/image/filter-8.js
629 silly gunzTarPerm extractEntry icons/image/leak-remove.js
630 silly gunzTarPerm extractEntry icons/image/filter-7.js
631 silly gunzTarPerm extractEntry icons/image/lens.js
632 silly gunzTarPerm extractEntry icons/image/filter-6.js
633 silly gunzTarPerm extractEntry icons/image/looks-3.js
634 silly gunzTarPerm extractEntry icons/image/filter-5.js
635 silly gunzTarPerm extractEntry icons/image/looks-4.js
636 silly gunzTarPerm extractEntry icons/image/filter-4.js
637 silly gunzTarPerm extractEntry icons/image/looks-5.js
638 silly gunzTarPerm extractEntry icons/image/filter-3.js
639 silly gunzTarPerm extractEntry icons/image/looks-6.js
640 silly gunzTarPerm extractEntry icons/image/filter-2.js
641 silly gunzTarPerm extractEntry icons/image/looks-one.js
642 silly gunzTarPerm extractEntry icons/image/filter-1.js
643 silly gunzTarPerm extractEntry icons/image/looks-two.js
644 silly gunzTarPerm extractEntry icons/image/exposure.js
645 silly gunzTarPerm extractEntry icons/image/looks.js
646 silly gunzTarPerm extractEntry icons/image/exposure-zero.js
647 silly gunzTarPerm extractEntry icons/image/loupe.js
648 silly gunzTarPerm extractEntry icons/image/exposure-plus-2.js
649 silly gunzTarPerm extractEntry icons/image/monochrome-photos.js
650 silly gunzTarPerm extractEntry icons/image/exposure-plus-1.js
651 silly gunzTarPerm extractEntry icons/image/movie-creation.js
652 silly gunzTarPerm extractEntry icons/image/exposure-neg-2.js
653 silly gunzTarPerm extractEntry icons/image/music-note.js
654 silly gunzTarPerm extractEntry icons/image/exposure-neg-1.js
655 silly gunzTarPerm extractEntry icons/image/nature-people.js
656 silly gunzTarPerm extractEntry icons/image/edit.js
657 silly gunzTarPerm extractEntry icons/image/nature.js
658 silly gunzTarPerm extractEntry icons/image/details.js
659 silly gunzTarPerm extractEntry icons/image/navigate-before.js
660 silly gunzTarPerm extractEntry icons/image/dehaze.js
661 silly gunzTarPerm extractEntry icons/image/navigate-next.js
662 silly gunzTarPerm extractEntry icons/image/crop.js
663 silly gunzTarPerm extractEntry icons/image/palette.js
664 silly gunzTarPerm extractEntry icons/image/crop-square.js
665 silly gunzTarPerm extractEntry icons/image/panorama-fish-eye.js
666 silly gunzTarPerm extractEntry icons/image/crop-portrait.js
667 silly gunzTarPerm extractEntry icons/image/panorama-horizontal.js
668 silly gunzTarPerm extractEntry icons/image/crop-original.js
669 silly gunzTarPerm extractEntry icons/image/panorama-vertical.js
670 silly gunzTarPerm extractEntry icons/image/crop-landscape.js
671 silly gunzTarPerm extractEntry icons/image/panorama-wide-angle.js
672 silly gunzTarPerm extractEntry icons/image/crop-free.js
673 silly gunzTarPerm extractEntry icons/image/panorama.js
674 silly gunzTarPerm extractEntry icons/image/crop-din.js
675 silly gunzTarPerm extractEntry icons/image/photo-album.js
676 silly gunzTarPerm extractEntry icons/image/crop-7-5.js
677 silly gunzTarPerm extractEntry icons/image/photo-camera.js
678 silly gunzTarPerm extractEntry icons/image/crop-5-4.js
679 silly gunzTarPerm extractEntry icons/image/photo-library.js
680 silly gunzTarPerm extractEntry icons/image/crop-3-2.js
681 silly gunzTarPerm extractEntry icons/image/photo-size-select-actual.js
682 silly gunzTarPerm extractEntry icons/image/crop-16-9.js
683 silly gunzTarPerm extractEntry icons/image/photo-size-select-large.js
684 silly gunzTarPerm extractEntry icons/image/control-point.js
685 silly gunzTarPerm extractEntry icons/image/photo-size-select-small.js
686 silly gunzTarPerm extractEntry icons/image/control-point-duplicate.js
687 silly gunzTarPerm extractEntry icons/image/photo.js
688 silly gunzTarPerm extractEntry icons/image/compare.js
689 silly gunzTarPerm extractEntry icons/image/picture-as-pdf.js
690 silly gunzTarPerm extractEntry icons/image/colorize.js
691 silly gunzTarPerm extractEntry icons/image/portrait.js
692 silly gunzTarPerm extractEntry icons/image/color-lens.js
693 silly gunzTarPerm extractEntry icons/image/remove-red-eye.js
694 silly gunzTarPerm extractEntry icons/image/collections.js
695 silly gunzTarPerm extractEntry icons/image/rotate-90-degrees-ccw.js
696 silly gunzTarPerm extractEntry icons/image/collections-bookmark.js
697 silly gunzTarPerm extractEntry icons/image/rotate-left.js
698 silly gunzTarPerm extractEntry icons/image/center-focus-weak.js
699 silly gunzTarPerm extractEntry icons/image/rotate-right.js
700 silly gunzTarPerm extractEntry icons/image/center-focus-strong.js
701 silly gunzTarPerm extractEntry icons/image/slideshow.js
702 silly gunzTarPerm extractEntry icons/image/camera.js
703 silly gunzTarPerm extractEntry icons/image/straighten.js
704 silly gunzTarPerm extractEntry icons/image/camera-roll.js
705 silly gunzTarPerm extractEntry icons/image/style.js
706 silly gunzTarPerm extractEntry icons/image/camera-rear.js
707 silly gunzTarPerm extractEntry icons/image/switch-camera.js
708 silly gunzTarPerm extractEntry icons/image/camera-front.js
709 silly gunzTarPerm extractEntry icons/image/switch-video.js
710 silly gunzTarPerm extractEntry icons/image/camera-alt.js
711 silly gunzTarPerm extractEntry icons/image/tag-faces.js
712 silly gunzTarPerm extractEntry icons/image/brush.js
713 silly gunzTarPerm extractEntry icons/image/texture.js
714 silly gunzTarPerm extractEntry icons/image/broken-image.js
715 silly gunzTarPerm extractEntry icons/image/timelapse.js
716 silly gunzTarPerm extractEntry icons/image/brightness-7.js
717 silly gunzTarPerm extractEntry icons/image/timer-10.js
718 silly gunzTarPerm extractEntry icons/image/brightness-6.js
719 silly gunzTarPerm extractEntry icons/image/timer-3.js
720 silly gunzTarPerm extractEntry icons/image/brightness-5.js
721 silly gunzTarPerm extractEntry icons/image/timer-off.js
722 silly gunzTarPerm extractEntry icons/image/brightness-4.js
723 silly gunzTarPerm extractEntry icons/image/timer.js
724 silly gunzTarPerm extractEntry icons/image/brightness-3.js
725 silly gunzTarPerm extractEntry icons/image/tonality.js
726 silly gunzTarPerm extractEntry icons/image/brightness-2.js
727 silly gunzTarPerm extractEntry icons/image/transform.js
728 silly gunzTarPerm extractEntry icons/image/brightness-1.js
729 silly gunzTarPerm extractEntry icons/image/tune.js
730 silly gunzTarPerm extractEntry icons/image/blur-on.js
731 silly gunzTarPerm extractEntry icons/image/view-comfy.js
732 silly gunzTarPerm extractEntry icons/image/blur-off.js
733 silly gunzTarPerm extractEntry icons/image/view-compact.js
734 silly gunzTarPerm extractEntry icons/image/blur-linear.js
735 silly gunzTarPerm extractEntry icons/image/vignette.js
736 silly gunzTarPerm extractEntry icons/image/blur-circular.js
737 silly gunzTarPerm extractEntry icons/image/wb-auto.js
738 silly gunzTarPerm extractEntry icons/image/audiotrack.js
739 silly gunzTarPerm extractEntry icons/image/wb-cloudy.js
740 silly gunzTarPerm extractEntry icons/image/assistant.js
741 silly gunzTarPerm extractEntry icons/image/wb-incandescent.js
742 silly gunzTarPerm extractEntry icons/image/assistant-photo.js
743 silly gunzTarPerm extractEntry icons/image/wb-iridescent.js
744 silly gunzTarPerm extractEntry icons/image/adjust.js
745 silly gunzTarPerm extractEntry icons/image/wb-sunny.js
746 silly gunzTarPerm extractEntry icons/image/flash-on.js
747 silly gunzTarPerm extractEntry icons/maps/beenhere.js
748 silly gunzTarPerm extractEntry icons/maps/local-florist.js
749 silly gunzTarPerm extractEntry icons/maps/local-gas-station.js
750 silly gunzTarPerm extractEntry icons/maps/local-grocery-store.js
751 silly gunzTarPerm extractEntry icons/maps/local-hospital.js
752 silly gunzTarPerm extractEntry icons/maps/local-drink.js
753 silly gunzTarPerm extractEntry icons/maps/local-laundry-service.js
754 silly gunzTarPerm extractEntry icons/maps/local-library.js
755 silly gunzTarPerm extractEntry icons/maps/local-mall.js
756 silly gunzTarPerm extractEntry icons/maps/local-movies.js
757 silly gunzTarPerm extractEntry icons/maps/local-offer.js
758 silly gunzTarPerm extractEntry icons/maps/local-dining.js
759 silly gunzTarPerm extractEntry icons/maps/local-parking.js
760 silly gunzTarPerm extractEntry icons/maps/local-convenience-store.js
761 silly gunzTarPerm extractEntry icons/maps/local-pharmacy.js
762 silly gunzTarPerm extractEntry icons/maps/local-car-wash.js
763 silly gunzTarPerm extractEntry icons/maps/local-phone.js
764 silly gunzTarPerm extractEntry icons/maps/local-cafe.js
765 silly gunzTarPerm extractEntry icons/maps/local-pizza.js
766 silly gunzTarPerm extractEntry icons/maps/local-bar.js
767 silly gunzTarPerm extractEntry icons/maps/local-play.js
768 silly gunzTarPerm extractEntry icons/maps/local-atm.js
769 silly gunzTarPerm extractEntry icons/maps/local-post-office.js
770 silly gunzTarPerm extractEntry icons/maps/local-airport.js
771 silly gunzTarPerm extractEntry icons/maps/local-printshop.js
772 silly gunzTarPerm extractEntry icons/maps/local-activity.js
773 silly gunzTarPerm extractEntry icons/maps/local-see.js
774 silly gunzTarPerm extractEntry icons/maps/layers.js
775 silly gunzTarPerm extractEntry icons/maps/local-shipping.js
776 silly gunzTarPerm extractEntry icons/maps/layers-clear.js
777 silly gunzTarPerm extractEntry icons/maps/local-taxi.js
778 silly gunzTarPerm extractEntry icons/maps/hotel.js
779 silly gunzTarPerm extractEntry icons/maps/map.js
780 silly gunzTarPerm extractEntry icons/maps/flight.js
781 silly gunzTarPerm extractEntry icons/maps/my-location.js
782 silly gunzTarPerm extractEntry icons/maps/directions.js
783 silly gunzTarPerm extractEntry icons/maps/navigation.js
784 silly gunzTarPerm extractEntry icons/maps/directions-walk.js
785 silly gunzTarPerm extractEntry icons/maps/person-pin.js
786 silly gunzTarPerm extractEntry icons/maps/directions-transit.js
787 silly gunzTarPerm extractEntry icons/maps/pin-drop.js
788 silly gunzTarPerm extractEntry icons/maps/directions-subway.js
789 silly gunzTarPerm extractEntry icons/maps/place.js
790 silly gunzTarPerm extractEntry icons/maps/directions-run.js
791 silly gunzTarPerm extractEntry icons/maps/rate-review.js
792 silly gunzTarPerm extractEntry icons/maps/directions-railway.js
793 silly gunzTarPerm extractEntry icons/maps/restaurant-menu.js
794 silly gunzTarPerm extractEntry icons/maps/directions-car.js
795 silly gunzTarPerm extractEntry icons/maps/satellite.js
796 silly gunzTarPerm extractEntry icons/maps/directions-bus.js
797 silly gunzTarPerm extractEntry icons/maps/store-mall-directory.js
798 silly gunzTarPerm extractEntry icons/maps/directions-boat.js
799 silly gunzTarPerm extractEntry icons/maps/terrain.js
800 silly gunzTarPerm extractEntry icons/maps/directions-bike.js
801 silly gunzTarPerm extractEntry icons/maps/traffic.js
802 silly gunzTarPerm extractEntry icons/maps/local-hotel.js
803 silly gunzTarPerm extractEntry icons/navigation/apps.js
804 silly gunzTarPerm extractEntry icons/navigation/check.js
805 silly gunzTarPerm extractEntry icons/navigation/chevron-left.js
806 silly gunzTarPerm extractEntry icons/navigation/chevron-right.js
807 silly gunzTarPerm extractEntry icons/navigation/cancel.js
808 silly gunzTarPerm extractEntry icons/navigation/expand-less.js
809 silly gunzTarPerm extractEntry icons/navigation/expand-more.js
810 silly gunzTarPerm extractEntry icons/navigation/fullscreen-exit.js
811 silly gunzTarPerm extractEntry icons/navigation/fullscreen.js
812 silly gunzTarPerm extractEntry icons/navigation/menu.js
813 silly gunzTarPerm extractEntry icons/navigation/arrow-forward.js
814 silly gunzTarPerm extractEntry icons/navigation/more-horiz.js
815 silly gunzTarPerm extractEntry icons/navigation/arrow-drop-up.js
816 silly gunzTarPerm extractEntry icons/navigation/more-vert.js
817 silly gunzTarPerm extractEntry icons/navigation/arrow-drop-down.js
818 silly gunzTarPerm extractEntry icons/navigation/refresh.js
819 silly gunzTarPerm extractEntry icons/navigation/arrow-drop-down-circle.js
820 silly gunzTarPerm extractEntry icons/navigation/unfold-less.js
821 silly gunzTarPerm extractEntry icons/navigation/arrow-back.js
822 silly gunzTarPerm extractEntry icons/navigation/unfold-more.js
823 silly gunzTarPerm extractEntry icons/navigation/close.js
824 silly gunzTarPerm extractEntry icons/notification/adb.js
825 silly gunzTarPerm extractEntry icons/notification/mms.js
826 silly gunzTarPerm extractEntry icons/notification/more.js
827 silly gunzTarPerm extractEntry icons/notification/network-locked.js
828 silly gunzTarPerm extractEntry icons/notification/live-tv.js
829 silly gunzTarPerm extractEntry icons/notification/personal-video.js
830 silly gunzTarPerm extractEntry icons/notification/phone-bluetooth-speaker.js
831 silly gunzTarPerm extractEntry icons/notification/phone-forwarded.js
832 silly gunzTarPerm extractEntry icons/notification/phone-in-talk.js
833 silly gunzTarPerm extractEntry icons/notification/phone-locked.js
834 silly gunzTarPerm extractEntry icons/notification/folder-special.js
835 silly gunzTarPerm extractEntry icons/notification/phone-missed.js
836 silly gunzTarPerm extractEntry icons/notification/event-note.js
837 silly gunzTarPerm extractEntry icons/notification/phone-paused.js
838 silly gunzTarPerm extractEntry icons/notification/event-busy.js
839 silly gunzTarPerm extractEntry icons/notification/power.js
840 silly gunzTarPerm extractEntry icons/notification/event-available.js
841 silly gunzTarPerm extractEntry icons/notification/sd-card.js
842 silly gunzTarPerm extractEntry icons/notification/drive-eta.js
843 silly gunzTarPerm extractEntry icons/notification/sim-card-alert.js
844 silly gunzTarPerm extractEntry icons/notification/do-not-disturb.js
845 silly gunzTarPerm extractEntry icons/notification/sms-failed.js
846 silly gunzTarPerm extractEntry icons/notification/do-not-disturb-alt.js
847 silly gunzTarPerm extractEntry icons/notification/sms.js
848 silly gunzTarPerm extractEntry icons/notification/disc-full.js
849 silly gunzTarPerm extractEntry icons/notification/sync-disabled.js
850 silly gunzTarPerm extractEntry icons/notification/confirmation-number.js
851 silly gunzTarPerm extractEntry icons/notification/sync-problem.js
852 silly gunzTarPerm extractEntry icons/notification/bluetooth-audio.js
853 silly gunzTarPerm extractEntry icons/notification/sync.js
854 silly gunzTarPerm extractEntry icons/notification/airline-seat-recline-normal.js
855 silly gunzTarPerm extractEntry icons/notification/system-update.js
856 silly gunzTarPerm extractEntry icons/notification/airline-seat-recline-extra.js
857 silly gunzTarPerm extractEntry icons/notification/tap-and-play.js
858 silly gunzTarPerm extractEntry icons/notification/airline-seat-legroom-reduced.js
859 silly gunzTarPerm extractEntry icons/notification/time-to-leave.js
860 silly gunzTarPerm extractEntry icons/notification/airline-seat-legroom-normal.js
861 silly gunzTarPerm extractEntry icons/notification/vibration.js
862 silly gunzTarPerm extractEntry icons/notification/airline-seat-legroom-extra.js
863 silly gunzTarPerm extractEntry icons/notification/voice-chat.js
864 silly gunzTarPerm extractEntry icons/notification/airline-seat-individual-suite.js
865 silly gunzTarPerm extractEntry icons/notification/vpn-lock.js
866 silly gunzTarPerm extractEntry icons/notification/airline-seat-flat.js
867 silly gunzTarPerm extractEntry icons/notification/wc.js
868 silly gunzTarPerm extractEntry icons/notification/airline-seat-flat-angled.js
869 silly gunzTarPerm extractEntry icons/notification/wifi.js
870 silly gunzTarPerm extractEntry icons/notification/ondemand-video.js
871 silly gunzTarPerm extractEntry icons/social/cake.js
872 silly gunzTarPerm extractEntry icons/social/notifications-off.js
873 silly gunzTarPerm extractEntry icons/social/notifications-paused.js
874 silly gunzTarPerm extractEntry icons/social/notifications.js
875 silly gunzTarPerm extractEntry icons/social/notifications-none.js
876 silly gunzTarPerm extractEntry icons/social/party-mode.js
877 silly gunzTarPerm extractEntry icons/social/people-outline.js
878 silly gunzTarPerm extractEntry icons/social/people.js
879 silly gunzTarPerm extractEntry icons/social/person-add.js
880 silly gunzTarPerm extractEntry icons/social/person-outline.js
881 silly gunzTarPerm extractEntry icons/social/notifications-active.js
882 silly gunzTarPerm extractEntry icons/social/person.js
883 silly gunzTarPerm extractEntry icons/social/mood.js
884 silly gunzTarPerm extractEntry icons/social/plus-one.js
885 silly gunzTarPerm extractEntry icons/social/mood-bad.js
886 silly gunzTarPerm extractEntry icons/social/poll.js
887 silly gunzTarPerm extractEntry icons/social/location-city.js
888 silly gunzTarPerm extractEntry icons/social/public.js
889 silly gunzTarPerm extractEntry icons/social/group.js
890 silly gunzTarPerm extractEntry icons/social/school.js
891 silly gunzTarPerm extractEntry icons/social/group-add.js
892 silly gunzTarPerm extractEntry icons/social/share.js
893 silly gunzTarPerm extractEntry icons/social/domain.js
894 silly gunzTarPerm extractEntry icons/social/whatshot.js
895 silly gunzTarPerm extractEntry icons/social/pages.js
896 silly gunzTarPerm extractEntry icons/toggle/check-box-outline-blank.js
897 silly gunzTarPerm extractEntry icons/toggle/check-box.js
898 silly gunzTarPerm extractEntry icons/toggle/indeterminate-check-box.js
899 silly gunzTarPerm extractEntry icons/toggle/radio-button-checked.js
900 silly gunzTarPerm extractEntry icons/toggle/radio-button-unchecked.js
901 silly gunzTarPerm extractEntry icons/toggle/star-border.js
902 silly gunzTarPerm extractEntry icons/toggle/star-half.js
903 silly gunzTarPerm extractEntry icons/toggle/star.js
904 verbose write writing to /Users/Amy/Desktop/autocomplete/node_modules/react-material-icons/package.json
905 info preinstall react-material-icons@1.0.1
906 verbose readDependencies loading dependencies from /Users/Amy/Desktop/autocomplete/node_modules/react-material-icons/package.json
907 verbose readDependencies loading dependencies from /Users/Amy/Desktop/autocomplete/node_modules/react-material-icons/package.json
908 silly install resolved []
909 verbose about to build /Users/Amy/Desktop/autocomplete/node_modules/react-material-icons
910 info build /Users/Amy/Desktop/autocomplete/node_modules/react-material-icons
911 info linkStuff react-material-icons@1.0.1
912 silly linkStuff react-material-icons@1.0.1 has /Users/Amy/Desktop/autocomplete/node_modules as its parent node_modules
913 verbose linkBins react-material-icons@1.0.1
914 verbose linkMans react-material-icons@1.0.1
915 verbose rebuildBundles react-material-icons@1.0.1
916 info install react-material-icons@1.0.1
917 info postinstall react-material-icons@1.0.1
918 verbose unlock done using /Users/Amy/.npm/_locks/react-material-icons-1eba16539db7d020.lock for /Users/Amy/Desktop/autocomplete/node_modules/react-material-icons
919 verbose validateInstall loading /Users/Amy/Desktop/autocomplete/package.json for validation
920 verbose stack Error: The package react@15.0.1 does not satisfy its siblings' peerDependencies requirements!
920 verbose stack     at /usr/local/lib/node_modules/npm/lib/install.js:125:32
920 verbose stack     at /usr/local/lib/node_modules/npm/lib/install.js:268:7
920 verbose stack     at /usr/local/lib/node_modules/npm/node_modules/read-installed/read-installed.js:142:5
920 verbose stack     at /usr/local/lib/node_modules/npm/node_modules/read-installed/read-installed.js:263:14
920 verbose stack     at cb (/usr/local/lib/node_modules/npm/node_modules/slide/lib/async-map.js:47:24)
920 verbose stack     at /usr/local/lib/node_modules/npm/node_modules/read-installed/read-installed.js:263:14
920 verbose stack     at cb (/usr/local/lib/node_modules/npm/node_modules/slide/lib/async-map.js:47:24)
920 verbose stack     at /usr/local/lib/node_modules/npm/node_modules/read-installed/read-installed.js:263:14
920 verbose stack     at cb (/usr/local/lib/node_modules/npm/node_modules/slide/lib/async-map.js:47:24)
920 verbose stack     at /usr/local/lib/node_modules/npm/node_modules/read-installed/read-installed.js:263:14
921 verbose cwd /Users/Amy/Desktop/autocomplete
922 error Darwin 15.3.0
923 error argv "/usr/local/bin/node" "/usr/local/bin/npm" "install" "react-material-icons"
924 error node v4.1.1
925 error npm  v2.14.4
926 error code EPEERINVALID
927 error peerinvalid The package react@15.0.1 does not satisfy its siblings' peerDependencies requirements!
927 error peerinvalid Peer react-dom@15.0.1 wants react@^15.0.1
927 error peerinvalid Peer react-material-icons@1.0.1 wants react@>=0.13.3
927 error peerinvalid Peer react-tap-event-plugin@0.2.2 wants react@^0.14.0
927 error peerinvalid Peer material-ui@0.14.4 wants react@^0.14.0
928 verbose exit [ 1, true ]
